CRITICAL - 2020-07-31 09:14:21 --> Undefined variable: data
#0 C:\xampp\htdocs\cipapat\app\Controllers\Pages.php(10): CodeIgniter\Debug\Exceptions->errorHandler(8, 'Undefined varia...', 'C:\\xampp\\htdocs...', 10, Array)
#1 C:\xampp\htdocs\cipapat\vendor\codeigniter4\framework\system\CodeIgniter.php(914): App\Controllers\Pages->index()
#2 C:\xampp\htdocs\cipapat\vendor\codeigniter4\framework\system\CodeIgniter.php(400): CodeIgniter\CodeIgniter->runController(Object(App\Controllers\Pages))
#3 C:\xampp\htdocs\cipapat\vendor\codeigniter4\framework\system\CodeIgniter.php(308): CodeIgniter\CodeIgniter->handleRequest(NULL, Object(Config\Cache), false)
#4 C:\xampp\htdocs\cipapat\public\index.php(45): CodeIgniter\CodeIgniter->run()
#5 {main}
CRITICAL - 2020-07-31 09:23:29 --> Undefined variable: judul
#0 C:\xampp\htdocs\cipapat\app\Views\layout\template.php(12): CodeIgniter\Debug\Exceptions->errorHandler(8, 'Undefined varia...', 'C:\\xampp\\htdocs...', 12, Array)
#1 C:\xampp\htdocs\cipapat\vendor\codeigniter4\framework\system\View\View.php(246): include('C:\\xampp\\htdocs...')
#2 C:\xampp\htdocs\cipapat\vendor\codeigniter4\framework\system\View\View.php(257): CodeIgniter\View\View->render('layout/template', Array, true)
#3 C:\xampp\htdocs\cipapat\vendor\codeigniter4\framework\system\Common.php(1087): CodeIgniter\View\View->render('pages/contact', Array, true)
#4 C:\xampp\htdocs\cipapat\app\Controllers\Pages.php(22): view('pages/contact')
#5 C:\xampp\htdocs\cipapat\vendor\codeigniter4\framework\system\CodeIgniter.php(914): App\Controllers\Pages->contact()
#6 C:\xampp\htdocs\cipapat\vendor\codeigniter4\framework\system\CodeIgniter.php(400): CodeIgniter\CodeIgniter->runController(Object(App\Controllers\Pages))
#7 C:\xampp\htdocs\cipapat\vendor\codeigniter4\framework\system\CodeIgniter.php(308): CodeIgniter\CodeIgniter->handleRequest(NULL, Object(Config\Cache), false)
#8 C:\xampp\htdocs\cipapat\public\index.php(45): CodeIgniter\CodeIgniter->run()
#9 {main}
CRITICAL - 2020-07-31 09:32:40 --> syntax error, unexpected '=>' (T_DOUBLE_ARROW)
#0 C:\xampp\htdocs\cipapat\vendor\codeigniter4\framework\system\Router\Router.php(192): CodeIgniter\Router\Router->autoRoute('pages/contact')
#1 C:\xampp\htdocs\cipapat\vendor\codeigniter4\framework\system\CodeIgniter.php(789): CodeIgniter\Router\Router->handle('pages/contact')
#2 C:\xampp\htdocs\cipapat\vendor\codeigniter4\framework\system\CodeIgniter.php(360): CodeIgniter\CodeIgniter->tryToRouteIt(Object(CodeIgniter\Router\RouteCollection))
#3 C:\xampp\htdocs\cipapat\vendor\codeigniter4\framework\system\CodeIgniter.php(308): CodeIgniter\CodeIgniter->handleRequest(NULL, Object(Config\Cache), false)
#4 C:\xampp\htdocs\cipapat\public\index.php(45): CodeIgniter\CodeIgniter->run()
#5 {main}
CRITICAL - 2020-07-31 09:33:55 --> syntax error, unexpected '=>' (T_DOUBLE_ARROW)
#0 C:\xampp\htdocs\cipapat\vendor\codeigniter4\framework\system\Router\Router.php(192): CodeIgniter\Router\Router->autoRoute('pages/contact')
#1 C:\xampp\htdocs\cipapat\vendor\codeigniter4\framework\system\CodeIgniter.php(789): CodeIgniter\Router\Router->handle('pages/contact')
#2 C:\xampp\htdocs\cipapat\vendor\codeigniter4\framework\system\CodeIgniter.php(360): CodeIgniter\CodeIgniter->tryToRouteIt(Object(CodeIgniter\Router\RouteCollection))
#3 C:\xampp\htdocs\cipapat\vendor\codeigniter4\framework\system\CodeIgniter.php(308): CodeIgniter\CodeIgniter->handleRequest(NULL, Object(Config\Cache), false)
#4 C:\xampp\htdocs\cipapat\public\index.php(45): CodeIgniter\CodeIgniter->run()
#5 {main}
