CRITICAL - 2020-07-22 20:34:03 --> syntax error, unexpected '}', expecting ',' or ';'
#0 C:\xampp\htdocs\cipapat\vendor\codeigniter4\framework\system\Router\Router.php(192): CodeIgniter\Router\Router->autoRoute('pages')
#1 C:\xampp\htdocs\cipapat\vendor\codeigniter4\framework\system\CodeIgniter.php(789): CodeIgniter\Router\Router->handle('pages')
#2 C:\xampp\htdocs\cipapat\vendor\codeigniter4\framework\system\CodeIgniter.php(360): CodeIgniter\CodeIgniter->tryToRouteIt(Object(CodeIgniter\Router\RouteCollection))
#3 C:\xampp\htdocs\cipapat\vendor\codeigniter4\framework\system\CodeIgniter.php(308): CodeIgniter\CodeIgniter->handleRequest(NULL, Object(Config\Cache), false)
#4 C:\xampp\htdocs\cipapat\public\index.php(45): CodeIgniter\CodeIgniter->run()
#5 C:\xampp\htdocs\cipapat\vendor\codeigniter4\framework\system\Commands\Server\rewrite.php(34): require_once('C:\\xampp\\htdocs...')
#6 {main}
CRITICAL - 2020-07-22 21:42:13 --> Invalid file: about.php
#0 C:\xampp\htdocs\cipapat\vendor\codeigniter4\framework\system\View\View.php(228): CodeIgniter\Exceptions\FrameworkException::forInvalidFile('about.php')
#1 C:\xampp\htdocs\cipapat\vendor\codeigniter4\framework\system\Common.php(1087): CodeIgniter\View\View->render('about', Array, true)
#2 C:\xampp\htdocs\cipapat\app\Controllers\Pages.php(14): view('about')
#3 C:\xampp\htdocs\cipapat\vendor\codeigniter4\framework\system\CodeIgniter.php(914): App\Controllers\Pages->about()
#4 C:\xampp\htdocs\cipapat\vendor\codeigniter4\framework\system\CodeIgniter.php(400): CodeIgniter\CodeIgniter->runController(Object(App\Controllers\Pages))
#5 C:\xampp\htdocs\cipapat\vendor\codeigniter4\framework\system\CodeIgniter.php(308): CodeIgniter\CodeIgniter->handleRequest(NULL, Object(Config\Cache), false)
#6 C:\xampp\htdocs\cipapat\public\index.php(45): CodeIgniter\CodeIgniter->run()
#7 C:\xampp\htdocs\cipapat\vendor\codeigniter4\framework\system\Commands\Server\rewrite.php(34): require_once('C:\\xampp\\htdocs...')
#8 {main}
CRITICAL - 2020-07-22 22:25:26 --> syntax error, unexpected '}', expecting ',' or ';'
#0 C:\xampp\htdocs\cipapat\vendor\codeigniter4\framework\system\Common.php(1087): CodeIgniter\View\View->render('layout/header', Array, true)
#1 C:\xampp\htdocs\cipapat\app\Controllers\Pages.php(18): view('layout/header', Array)
#2 C:\xampp\htdocs\cipapat\vendor\codeigniter4\framework\system\CodeIgniter.php(914): App\Controllers\Pages->about()
#3 C:\xampp\htdocs\cipapat\vendor\codeigniter4\framework\system\CodeIgniter.php(400): CodeIgniter\CodeIgniter->runController(Object(App\Controllers\Pages))
#4 C:\xampp\htdocs\cipapat\vendor\codeigniter4\framework\system\CodeIgniter.php(308): CodeIgniter\CodeIgniter->handleRequest(NULL, Object(Config\Cache), false)
#5 C:\xampp\htdocs\cipapat\public\index.php(45): CodeIgniter\CodeIgniter->run()
#6 C:\xampp\htdocs\cipapat\vendor\codeigniter4\framework\system\Commands\Server\rewrite.php(34): require_once('C:\\xampp\\htdocs...')
#7 {main}
CRITICAL - 2020-07-22 22:25:43 --> Undefined property: CodeIgniter\View\View::$uri
#0 C:\xampp\htdocs\cipapat\app\Views\layout\header.php(24): CodeIgniter\Debug\Exceptions->errorHandler(8, 'Undefined prope...', 'C:\\xampp\\htdocs...', 24, Array)
#1 C:\xampp\htdocs\cipapat\vendor\codeigniter4\framework\system\View\View.php(246): include('C:\\xampp\\htdocs...')
#2 C:\xampp\htdocs\cipapat\vendor\codeigniter4\framework\system\Common.php(1087): CodeIgniter\View\View->render('layout/header', Array, true)
#3 C:\xampp\htdocs\cipapat\app\Controllers\Pages.php(18): view('layout/header', Array)
#4 C:\xampp\htdocs\cipapat\vendor\codeigniter4\framework\system\CodeIgniter.php(914): App\Controllers\Pages->about()
#5 C:\xampp\htdocs\cipapat\vendor\codeigniter4\framework\system\CodeIgniter.php(400): CodeIgniter\CodeIgniter->runController(Object(App\Controllers\Pages))
#6 C:\xampp\htdocs\cipapat\vendor\codeigniter4\framework\system\CodeIgniter.php(308): CodeIgniter\CodeIgniter->handleRequest(NULL, Object(Config\Cache), false)
#7 C:\xampp\htdocs\cipapat\public\index.php(45): CodeIgniter\CodeIgniter->run()
#8 C:\xampp\htdocs\cipapat\vendor\codeigniter4\framework\system\Commands\Server\rewrite.php(34): require_once('C:\\xampp\\htdocs...')
#9 {main}
CRITICAL - 2020-07-22 22:26:32 --> Undefined property: CodeIgniter\View\View::$uri
#0 C:\xampp\htdocs\cipapat\app\Views\layout\header.php(24): CodeIgniter\Debug\Exceptions->errorHandler(8, 'Undefined prope...', 'C:\\xampp\\htdocs...', 24, Array)
#1 C:\xampp\htdocs\cipapat\vendor\codeigniter4\framework\system\View\View.php(246): include('C:\\xampp\\htdocs...')
#2 C:\xampp\htdocs\cipapat\vendor\codeigniter4\framework\system\Common.php(1087): CodeIgniter\View\View->render('layout/header', Array, true)
#3 C:\xampp\htdocs\cipapat\app\Controllers\Pages.php(18): view('layout/header', Array)
#4 C:\xampp\htdocs\cipapat\vendor\codeigniter4\framework\system\CodeIgniter.php(914): App\Controllers\Pages->about()
#5 C:\xampp\htdocs\cipapat\vendor\codeigniter4\framework\system\CodeIgniter.php(400): CodeIgniter\CodeIgniter->runController(Object(App\Controllers\Pages))
#6 C:\xampp\htdocs\cipapat\vendor\codeigniter4\framework\system\CodeIgniter.php(308): CodeIgniter\CodeIgniter->handleRequest(NULL, Object(Config\Cache), false)
#7 C:\xampp\htdocs\cipapat\public\index.php(45): CodeIgniter\CodeIgniter->run()
#8 C:\xampp\htdocs\cipapat\vendor\codeigniter4\framework\system\Commands\Server\rewrite.php(34): require_once('C:\\xampp\\htdocs...')
#9 {main}
