CRITICAL - 2020-07-11 03:44:25 --> syntax error, unexpected 'if' (T_IF)
#0 C:\xampp\htdocs\cipapat\vendor\codeigniter4\framework\system\CodeIgniter.php(360): CodeIgniter\CodeIgniter->tryToRouteIt(NULL)
#1 C:\xampp\htdocs\cipapat\vendor\codeigniter4\framework\system\CodeIgniter.php(308): CodeIgniter\CodeIgniter->handleRequest(NULL, Object(Config\Cache), false)
#2 C:\xampp\htdocs\cipapat\public\index.php(45): CodeIgniter\CodeIgniter->run()
#3 C:\xampp\htdocs\cipapat\vendor\codeigniter4\framework\system\Commands\Server\rewrite.php(34): require_once('C:\\xampp\\htdocs...')
#4 {main}
CRITICAL - 2020-07-11 03:44:35 --> syntax error, unexpected 'if' (T_IF)
#0 C:\xampp\htdocs\cipapat\vendor\codeigniter4\framework\system\CodeIgniter.php(360): CodeIgniter\CodeIgniter->tryToRouteIt(NULL)
#1 C:\xampp\htdocs\cipapat\vendor\codeigniter4\framework\system\CodeIgniter.php(308): CodeIgniter\CodeIgniter->handleRequest(NULL, Object(Config\Cache), false)
#2 C:\xampp\htdocs\cipapat\public\index.php(45): CodeIgniter\CodeIgniter->run()
#3 C:\xampp\htdocs\cipapat\vendor\codeigniter4\framework\system\Commands\Server\rewrite.php(34): require_once('C:\\xampp\\htdocs...')
#4 {main}
CRITICAL - 2020-07-11 03:44:45 --> syntax error, unexpected 'if' (T_IF)
#0 C:\xampp\htdocs\cipapat\vendor\codeigniter4\framework\system\CodeIgniter.php(360): CodeIgniter\CodeIgniter->tryToRouteIt(NULL)
#1 C:\xampp\htdocs\cipapat\vendor\codeigniter4\framework\system\CodeIgniter.php(308): CodeIgniter\CodeIgniter->handleRequest(NULL, Object(Config\Cache), false)
#2 C:\xampp\htdocs\cipapat\public\index.php(45): CodeIgniter\CodeIgniter->run()
#3 C:\xampp\htdocs\cipapat\vendor\codeigniter4\framework\system\Commands\Server\rewrite.php(34): require_once('C:\\xampp\\htdocs...')
#4 {main}
CRITICAL - 2020-07-11 03:45:05 --> syntax error, unexpected 'if' (T_IF)
#0 C:\xampp\htdocs\cipapat\vendor\codeigniter4\framework\system\CodeIgniter.php(360): CodeIgniter\CodeIgniter->tryToRouteIt(NULL)
#1 C:\xampp\htdocs\cipapat\vendor\codeigniter4\framework\system\CodeIgniter.php(308): CodeIgniter\CodeIgniter->handleRequest(NULL, Object(Config\Cache), false)
#2 C:\xampp\htdocs\cipapat\public\index.php(45): CodeIgniter\CodeIgniter->run()
#3 C:\xampp\htdocs\cipapat\vendor\codeigniter4\framework\system\Commands\Server\rewrite.php(34): require_once('C:\\xampp\\htdocs...')
#4 {main}
CRITICAL - 2020-07-11 04:00:15 --> syntax error, unexpected 'echo' (T_ECHO), expecting function (T_FUNCTION) or const (T_CONST)
#0 C:\xampp\htdocs\cipapat\vendor\codeigniter4\framework\system\Router\Router.php(192): CodeIgniter\Router\Router->autoRoute('admin/users')
#1 C:\xampp\htdocs\cipapat\vendor\codeigniter4\framework\system\CodeIgniter.php(789): CodeIgniter\Router\Router->handle('admin/users')
#2 C:\xampp\htdocs\cipapat\vendor\codeigniter4\framework\system\CodeIgniter.php(360): CodeIgniter\CodeIgniter->tryToRouteIt(Object(CodeIgniter\Router\RouteCollection))
#3 C:\xampp\htdocs\cipapat\vendor\codeigniter4\framework\system\CodeIgniter.php(308): CodeIgniter\CodeIgniter->handleRequest(NULL, Object(Config\Cache), false)
#4 C:\xampp\htdocs\cipapat\public\index.php(45): CodeIgniter\CodeIgniter->run()
#5 C:\xampp\htdocs\cipapat\vendor\codeigniter4\framework\system\Commands\Server\rewrite.php(34): require_once('C:\\xampp\\htdocs...')
#6 {main}
CRITICAL - 2020-07-11 04:02:04 --> Undefined variable: router
#0 C:\xampp\htdocs\cipapat\app\Config\Routes.php(40): CodeIgniter\Debug\Exceptions->errorHandler(8, 'Undefined varia...', 'C:\\xampp\\htdocs...', 40, Array)
#1 C:\xampp\htdocs\cipapat\vendor\codeigniter4\framework\system\CodeIgniter.php(776): require('C:\\xampp\\htdocs...')
#2 C:\xampp\htdocs\cipapat\vendor\codeigniter4\framework\system\CodeIgniter.php(360): CodeIgniter\CodeIgniter->tryToRouteIt(Object(CodeIgniter\Router\RouteCollection))
#3 C:\xampp\htdocs\cipapat\vendor\codeigniter4\framework\system\CodeIgniter.php(308): CodeIgniter\CodeIgniter->handleRequest(NULL, Object(Config\Cache), false)
#4 C:\xampp\htdocs\cipapat\public\index.php(45): CodeIgniter\CodeIgniter->run()
#5 C:\xampp\htdocs\cipapat\vendor\codeigniter4\framework\system\Commands\Server\rewrite.php(34): require_once('C:\\xampp\\htdocs...')
#6 {main}
CRITICAL - 2020-07-11 04:02:17 --> Undefined variable: router
#0 C:\xampp\htdocs\cipapat\app\Config\Routes.php(40): CodeIgniter\Debug\Exceptions->errorHandler(8, 'Undefined varia...', 'C:\\xampp\\htdocs...', 40, Array)
#1 C:\xampp\htdocs\cipapat\vendor\codeigniter4\framework\system\CodeIgniter.php(776): require('C:\\xampp\\htdocs...')
#2 C:\xampp\htdocs\cipapat\vendor\codeigniter4\framework\system\CodeIgniter.php(360): CodeIgniter\CodeIgniter->tryToRouteIt(Object(CodeIgniter\Router\RouteCollection))
#3 C:\xampp\htdocs\cipapat\vendor\codeigniter4\framework\system\CodeIgniter.php(308): CodeIgniter\CodeIgniter->handleRequest(NULL, Object(Config\Cache), false)
#4 C:\xampp\htdocs\cipapat\public\index.php(45): CodeIgniter\CodeIgniter->run()
#5 C:\xampp\htdocs\cipapat\vendor\codeigniter4\framework\system\Commands\Server\rewrite.php(34): require_once('C:\\xampp\\htdocs...')
#6 {main}
CRITICAL - 2020-07-11 04:02:18 --> Undefined variable: router
#0 C:\xampp\htdocs\cipapat\app\Config\Routes.php(40): CodeIgniter\Debug\Exceptions->errorHandler(8, 'Undefined varia...', 'C:\\xampp\\htdocs...', 40, Array)
#1 C:\xampp\htdocs\cipapat\vendor\codeigniter4\framework\system\CodeIgniter.php(776): require('C:\\xampp\\htdocs...')
#2 C:\xampp\htdocs\cipapat\vendor\codeigniter4\framework\system\CodeIgniter.php(360): CodeIgniter\CodeIgniter->tryToRouteIt(Object(CodeIgniter\Router\RouteCollection))
#3 C:\xampp\htdocs\cipapat\vendor\codeigniter4\framework\system\CodeIgniter.php(308): CodeIgniter\CodeIgniter->handleRequest(NULL, Object(Config\Cache), false)
#4 C:\xampp\htdocs\cipapat\public\index.php(45): CodeIgniter\CodeIgniter->run()
#5 C:\xampp\htdocs\cipapat\vendor\codeigniter4\framework\system\Commands\Server\rewrite.php(34): require_once('C:\\xampp\\htdocs...')
#6 {main}
CRITICAL - 2020-07-11 04:02:27 --> Undefined variable: router
#0 C:\xampp\htdocs\cipapat\app\Config\Routes.php(40): CodeIgniter\Debug\Exceptions->errorHandler(8, 'Undefined varia...', 'C:\\xampp\\htdocs...', 40, Array)
#1 C:\xampp\htdocs\cipapat\vendor\codeigniter4\framework\system\CodeIgniter.php(776): require('C:\\xampp\\htdocs...')
#2 C:\xampp\htdocs\cipapat\vendor\codeigniter4\framework\system\CodeIgniter.php(360): CodeIgniter\CodeIgniter->tryToRouteIt(Object(CodeIgniter\Router\RouteCollection))
#3 C:\xampp\htdocs\cipapat\vendor\codeigniter4\framework\system\CodeIgniter.php(308): CodeIgniter\CodeIgniter->handleRequest(NULL, Object(Config\Cache), false)
#4 C:\xampp\htdocs\cipapat\public\index.php(45): CodeIgniter\CodeIgniter->run()
#5 C:\xampp\htdocs\cipapat\vendor\codeigniter4\framework\system\Commands\Server\rewrite.php(34): require_once('C:\\xampp\\htdocs...')
#6 {main}
CRITICAL - 2020-07-11 04:02:47 --> Undefined variable: router
#0 C:\xampp\htdocs\cipapat\app\Config\Routes.php(40): CodeIgniter\Debug\Exceptions->errorHandler(8, 'Undefined varia...', 'C:\\xampp\\htdocs...', 40, Array)
#1 C:\xampp\htdocs\cipapat\vendor\codeigniter4\framework\system\CodeIgniter.php(776): require('C:\\xampp\\htdocs...')
#2 C:\xampp\htdocs\cipapat\vendor\codeigniter4\framework\system\CodeIgniter.php(360): CodeIgniter\CodeIgniter->tryToRouteIt(Object(CodeIgniter\Router\RouteCollection))
#3 C:\xampp\htdocs\cipapat\vendor\codeigniter4\framework\system\CodeIgniter.php(308): CodeIgniter\CodeIgniter->handleRequest(NULL, Object(Config\Cache), false)
#4 C:\xampp\htdocs\cipapat\public\index.php(45): CodeIgniter\CodeIgniter->run()
#5 C:\xampp\htdocs\cipapat\vendor\codeigniter4\framework\system\Commands\Server\rewrite.php(34): require_once('C:\\xampp\\htdocs...')
#6 {main}
CRITICAL - 2020-07-11 04:03:01 --> Undefined variable: router
#0 C:\xampp\htdocs\cipapat\app\Config\Routes.php(40): CodeIgniter\Debug\Exceptions->errorHandler(8, 'Undefined varia...', 'C:\\xampp\\htdocs...', 40, Array)
#1 C:\xampp\htdocs\cipapat\vendor\codeigniter4\framework\system\CodeIgniter.php(776): require('C:\\xampp\\htdocs...')
#2 C:\xampp\htdocs\cipapat\vendor\codeigniter4\framework\system\CodeIgniter.php(360): CodeIgniter\CodeIgniter->tryToRouteIt(Object(CodeIgniter\Router\RouteCollection))
#3 C:\xampp\htdocs\cipapat\vendor\codeigniter4\framework\system\CodeIgniter.php(308): CodeIgniter\CodeIgniter->handleRequest(NULL, Object(Config\Cache), false)
#4 C:\xampp\htdocs\cipapat\public\index.php(45): CodeIgniter\CodeIgniter->run()
#5 C:\xampp\htdocs\cipapat\vendor\codeigniter4\framework\system\Commands\Server\rewrite.php(34): require_once('C:\\xampp\\htdocs...')
#6 {main}
CRITICAL - 2020-07-11 04:03:22 --> syntax error, unexpected 'echo' (T_ECHO), expecting function (T_FUNCTION) or const (T_CONST)
#0 C:\xampp\htdocs\cipapat\vendor\codeigniter4\framework\system\Autoloader\Autoloader.php(296): CodeIgniter\Autoloader\Autoloader->requireFile('C:\\xampp\\htdocs...')
#1 C:\xampp\htdocs\cipapat\vendor\codeigniter4\framework\system\Autoloader\Autoloader.php(258): CodeIgniter\Autoloader\Autoloader->loadInNamespace('App\\Controllers...')
#2 [internal function]: CodeIgniter\Autoloader\Autoloader->loadClass('App\\Controllers...')
#3 [internal function]: spl_autoload_call('App\\Controllers...')
#4 C:\xampp\htdocs\cipapat\vendor\codeigniter4\framework\system\CodeIgniter.php(865): class_exists('\\App\\Controller...', true)
#5 C:\xampp\htdocs\cipapat\vendor\codeigniter4\framework\system\CodeIgniter.php(390): CodeIgniter\CodeIgniter->startController()
#6 C:\xampp\htdocs\cipapat\vendor\codeigniter4\framework\system\CodeIgniter.php(308): CodeIgniter\CodeIgniter->handleRequest(NULL, Object(Config\Cache), false)
#7 C:\xampp\htdocs\cipapat\public\index.php(45): CodeIgniter\CodeIgniter->run()
#8 C:\xampp\htdocs\cipapat\vendor\codeigniter4\framework\system\Commands\Server\rewrite.php(34): require_once('C:\\xampp\\htdocs...')
#9 {main}
