CRITICAL - 2021-03-15 00:07:25 --> Undefined index: name
#0 C:\xampp\htdocs\cipapat\app\Controllers\Coba.php(87): CodeIgniter\Debug\Exceptions->errorHandler(8, 'Undefined index...', 'C:\\xampp\\htdocs...', 87, Array)
#1 C:\xampp\htdocs\cipapat\vendor\codeigniter4\framework\system\CodeIgniter.php(914): App\Controllers\Coba->index()
#2 C:\xampp\htdocs\cipapat\vendor\codeigniter4\framework\system\CodeIgniter.php(400): CodeIgniter\CodeIgniter->runController(Object(App\Controllers\Coba))
#3 C:\xampp\htdocs\cipapat\vendor\codeigniter4\framework\system\CodeIgniter.php(308): CodeIgniter\CodeIgniter->handleRequest(NULL, Object(Config\Cache), false)
#4 C:\xampp\htdocs\cipapat\public\index.php(45): CodeIgniter\CodeIgniter->run()
#5 C:\xampp\htdocs\cipapat\vendor\codeigniter4\framework\system\Commands\Server\rewrite.php(34): require_once('C:\\xampp\\htdocs...')
#6 {main}
CRITICAL - 2021-03-15 00:07:45 --> Cannot use [] for reading
#0 C:\xampp\htdocs\cipapat\vendor\codeigniter4\framework\system\CodeIgniter.php(914): App\Controllers\Coba->index()
#1 C:\xampp\htdocs\cipapat\vendor\codeigniter4\framework\system\CodeIgniter.php(400): CodeIgniter\CodeIgniter->runController(Object(App\Controllers\Coba))
#2 C:\xampp\htdocs\cipapat\vendor\codeigniter4\framework\system\CodeIgniter.php(308): CodeIgniter\CodeIgniter->handleRequest(NULL, Object(Config\Cache), false)
#3 C:\xampp\htdocs\cipapat\public\index.php(45): CodeIgniter\CodeIgniter->run()
#4 C:\xampp\htdocs\cipapat\vendor\codeigniter4\framework\system\Commands\Server\rewrite.php(34): require_once('C:\\xampp\\htdocs...')
#5 {main}
CRITICAL - 2021-03-15 00:07:53 --> Undefined index: uid
#0 C:\xampp\htdocs\cipapat\app\Controllers\Coba.php(87): CodeIgniter\Debug\Exceptions->errorHandler(8, 'Undefined index...', 'C:\\xampp\\htdocs...', 87, Array)
#1 C:\xampp\htdocs\cipapat\vendor\codeigniter4\framework\system\CodeIgniter.php(914): App\Controllers\Coba->index()
#2 C:\xampp\htdocs\cipapat\vendor\codeigniter4\framework\system\CodeIgniter.php(400): CodeIgniter\CodeIgniter->runController(Object(App\Controllers\Coba))
#3 C:\xampp\htdocs\cipapat\vendor\codeigniter4\framework\system\CodeIgniter.php(308): CodeIgniter\CodeIgniter->handleRequest(NULL, Object(Config\Cache), false)
#4 C:\xampp\htdocs\cipapat\public\index.php(45): CodeIgniter\CodeIgniter->run()
#5 C:\xampp\htdocs\cipapat\vendor\codeigniter4\framework\system\Commands\Server\rewrite.php(34): require_once('C:\\xampp\\htdocs...')
#6 {main}
CRITICAL - 2021-03-15 00:09:37 --> array_values() expects exactly 1 parameter, 2 given
#0 [internal function]: CodeIgniter\Debug\Exceptions->errorHandler(2, 'array_values() ...', 'C:\\xampp\\htdocs...', 79, Array)
#1 C:\xampp\htdocs\cipapat\app\Controllers\Coba.php(79): array_values(Array, 'Jawa Tengah')
#2 C:\xampp\htdocs\cipapat\vendor\codeigniter4\framework\system\CodeIgniter.php(914): App\Controllers\Coba->index()
#3 C:\xampp\htdocs\cipapat\vendor\codeigniter4\framework\system\CodeIgniter.php(400): CodeIgniter\CodeIgniter->runController(Object(App\Controllers\Coba))
#4 C:\xampp\htdocs\cipapat\vendor\codeigniter4\framework\system\CodeIgniter.php(308): CodeIgniter\CodeIgniter->handleRequest(NULL, Object(Config\Cache), false)
#5 C:\xampp\htdocs\cipapat\public\index.php(45): CodeIgniter\CodeIgniter->run()
#6 C:\xampp\htdocs\cipapat\vendor\codeigniter4\framework\system\Commands\Server\rewrite.php(34): require_once('C:\\xampp\\htdocs...')
#7 {main}
CRITICAL - 2021-03-15 01:05:40 --> Maximum execution time of 60 seconds exceeded
#0 [internal function]: CodeIgniter\Debug\Exceptions->shutdownHandler()
#1 {main}
CRITICAL - 2021-03-15 01:05:40 --> file_get_contents(): php_network_getaddresses: getaddrinfo failed: No such host is known. 
#0 [internal function]: CodeIgniter\Debug\Exceptions->errorHandler(2, 'file_get_conten...', 'C:\\xampp\\htdocs...', 35, Array)
#1 C:\xampp\htdocs\cipapat\app\Controllers\Coba.php(35): file_get_contents('https://service...')
#2 C:\xampp\htdocs\cipapat\vendor\codeigniter4\framework\system\CodeIgniter.php(914): App\Controllers\Coba->index()
#3 C:\xampp\htdocs\cipapat\vendor\codeigniter4\framework\system\CodeIgniter.php(400): CodeIgniter\CodeIgniter->runController(Object(App\Controllers\Coba))
#4 C:\xampp\htdocs\cipapat\vendor\codeigniter4\framework\system\CodeIgniter.php(308): CodeIgniter\CodeIgniter->handleRequest(NULL, Object(Config\Cache), false)
#5 C:\xampp\htdocs\cipapat\public\index.php(45): CodeIgniter\CodeIgniter->run()
#6 C:\xampp\htdocs\cipapat\vendor\codeigniter4\framework\system\Commands\Server\rewrite.php(34): require_once('C:\\xampp\\htdocs...')
#7 {main}
CRITICAL - 2021-03-15 01:05:40 --> file_get_contents(): php_network_getaddresses: getaddrinfo failed: No such host is known. 
#0 [internal function]: CodeIgniter\Debug\Exceptions->errorHandler(2, 'file_get_conten...', 'C:\\xampp\\htdocs...', 35, Array)
#1 C:\xampp\htdocs\cipapat\app\Controllers\Coba.php(35): file_get_contents('https://service...')
#2 C:\xampp\htdocs\cipapat\vendor\codeigniter4\framework\system\CodeIgniter.php(914): App\Controllers\Coba->index()
#3 C:\xampp\htdocs\cipapat\vendor\codeigniter4\framework\system\CodeIgniter.php(400): CodeIgniter\CodeIgniter->runController(Object(App\Controllers\Coba))
#4 C:\xampp\htdocs\cipapat\vendor\codeigniter4\framework\system\CodeIgniter.php(308): CodeIgniter\CodeIgniter->handleRequest(NULL, Object(Config\Cache), false)
#5 C:\xampp\htdocs\cipapat\public\index.php(45): CodeIgniter\CodeIgniter->run()
#6 C:\xampp\htdocs\cipapat\vendor\codeigniter4\framework\system\Commands\Server\rewrite.php(34): require_once('C:\\xampp\\htdocs...')
#7 {main}
CRITICAL - 2021-03-15 01:05:45 --> file_get_contents(): php_network_getaddresses: getaddrinfo failed: No such host is known. 
#0 [internal function]: CodeIgniter\Debug\Exceptions->errorHandler(2, 'file_get_conten...', 'C:\\xampp\\htdocs...', 35, Array)
#1 C:\xampp\htdocs\cipapat\app\Controllers\Coba.php(35): file_get_contents('https://service...')
#2 C:\xampp\htdocs\cipapat\vendor\codeigniter4\framework\system\CodeIgniter.php(914): App\Controllers\Coba->index()
#3 C:\xampp\htdocs\cipapat\vendor\codeigniter4\framework\system\CodeIgniter.php(400): CodeIgniter\CodeIgniter->runController(Object(App\Controllers\Coba))
#4 C:\xampp\htdocs\cipapat\vendor\codeigniter4\framework\system\CodeIgniter.php(308): CodeIgniter\CodeIgniter->handleRequest(NULL, Object(Config\Cache), false)
#5 C:\xampp\htdocs\cipapat\public\index.php(45): CodeIgniter\CodeIgniter->run()
#6 C:\xampp\htdocs\cipapat\vendor\codeigniter4\framework\system\Commands\Server\rewrite.php(34): require_once('C:\\xampp\\htdocs...')
#7 {main}
CRITICAL - 2021-03-15 01:37:39 --> Trying to get property 'features' of non-object
#0 C:\xampp\htdocs\cipapat\app\Controllers\Coba.php(37): CodeIgniter\Debug\Exceptions->errorHandler(8, 'Trying to get p...', 'C:\\xampp\\htdocs...', 37, Array)
#1 C:\xampp\htdocs\cipapat\vendor\codeigniter4\framework\system\CodeIgniter.php(914): App\Controllers\Coba->index()
#2 C:\xampp\htdocs\cipapat\vendor\codeigniter4\framework\system\CodeIgniter.php(400): CodeIgniter\CodeIgniter->runController(Object(App\Controllers\Coba))
#3 C:\xampp\htdocs\cipapat\vendor\codeigniter4\framework\system\CodeIgniter.php(308): CodeIgniter\CodeIgniter->handleRequest(NULL, Object(Config\Cache), false)
#4 C:\xampp\htdocs\cipapat\public\index.php(45): CodeIgniter\CodeIgniter->run()
#5 C:\xampp\htdocs\cipapat\vendor\codeigniter4\framework\system\Commands\Server\rewrite.php(34): require_once('C:\\xampp\\htdocs...')
#6 {main}
CRITICAL - 2021-03-15 01:39:08 --> Trying to get property '12' of non-object
#0 C:\xampp\htdocs\cipapat\app\Controllers\Coba.php(92): CodeIgniter\Debug\Exceptions->errorHandler(8, 'Trying to get p...', 'C:\\xampp\\htdocs...', 92, Array)
#1 C:\xampp\htdocs\cipapat\vendor\codeigniter4\framework\system\CodeIgniter.php(914): App\Controllers\Coba->index()
#2 C:\xampp\htdocs\cipapat\vendor\codeigniter4\framework\system\CodeIgniter.php(400): CodeIgniter\CodeIgniter->runController(Object(App\Controllers\Coba))
#3 C:\xampp\htdocs\cipapat\vendor\codeigniter4\framework\system\CodeIgniter.php(308): CodeIgniter\CodeIgniter->handleRequest(NULL, Object(Config\Cache), false)
#4 C:\xampp\htdocs\cipapat\public\index.php(45): CodeIgniter\CodeIgniter->run()
#5 C:\xampp\htdocs\cipapat\vendor\codeigniter4\framework\system\Commands\Server\rewrite.php(34): require_once('C:\\xampp\\htdocs...')
#6 {main}
CRITICAL - 2021-03-15 01:58:08 --> Illegal offset type
#0 C:\xampp\htdocs\cipapat\app\Controllers\Coba.php(152): CodeIgniter\Debug\Exceptions->errorHandler(2, 'Illegal offset ...', 'C:\\xampp\\htdocs...', 152, Array)
#1 C:\xampp\htdocs\cipapat\vendor\codeigniter4\framework\system\CodeIgniter.php(914): App\Controllers\Coba->coba2()
#2 C:\xampp\htdocs\cipapat\vendor\codeigniter4\framework\system\CodeIgniter.php(400): CodeIgniter\CodeIgniter->runController(Object(App\Controllers\Coba))
#3 C:\xampp\htdocs\cipapat\vendor\codeigniter4\framework\system\CodeIgniter.php(308): CodeIgniter\CodeIgniter->handleRequest(NULL, Object(Config\Cache), false)
#4 C:\xampp\htdocs\cipapat\public\index.php(45): CodeIgniter\CodeIgniter->run()
#5 C:\xampp\htdocs\cipapat\vendor\codeigniter4\framework\system\Commands\Server\rewrite.php(34): require_once('C:\\xampp\\htdocs...')
#6 {main}
CRITICAL - 2021-03-15 01:59:03 --> Illegal offset type
#0 C:\xampp\htdocs\cipapat\app\Controllers\Coba.php(154): CodeIgniter\Debug\Exceptions->errorHandler(2, 'Illegal offset ...', 'C:\\xampp\\htdocs...', 154, Array)
#1 C:\xampp\htdocs\cipapat\vendor\codeigniter4\framework\system\CodeIgniter.php(914): App\Controllers\Coba->coba2()
#2 C:\xampp\htdocs\cipapat\vendor\codeigniter4\framework\system\CodeIgniter.php(400): CodeIgniter\CodeIgniter->runController(Object(App\Controllers\Coba))
#3 C:\xampp\htdocs\cipapat\vendor\codeigniter4\framework\system\CodeIgniter.php(308): CodeIgniter\CodeIgniter->handleRequest(NULL, Object(Config\Cache), false)
#4 C:\xampp\htdocs\cipapat\public\index.php(45): CodeIgniter\CodeIgniter->run()
#5 C:\xampp\htdocs\cipapat\vendor\codeigniter4\framework\system\Commands\Server\rewrite.php(34): require_once('C:\\xampp\\htdocs...')
#6 {main}
CRITICAL - 2021-03-15 02:02:35 --> Cannot use object of type stdClass as array
#0 C:\xampp\htdocs\cipapat\vendor\codeigniter4\framework\system\CodeIgniter.php(914): App\Controllers\Coba->coba2()
#1 C:\xampp\htdocs\cipapat\vendor\codeigniter4\framework\system\CodeIgniter.php(400): CodeIgniter\CodeIgniter->runController(Object(App\Controllers\Coba))
#2 C:\xampp\htdocs\cipapat\vendor\codeigniter4\framework\system\CodeIgniter.php(308): CodeIgniter\CodeIgniter->handleRequest(NULL, Object(Config\Cache), false)
#3 C:\xampp\htdocs\cipapat\public\index.php(45): CodeIgniter\CodeIgniter->run()
#4 C:\xampp\htdocs\cipapat\vendor\codeigniter4\framework\system\Commands\Server\rewrite.php(34): require_once('C:\\xampp\\htdocs...')
#5 {main}
CRITICAL - 2021-03-15 02:03:14 --> Cannot use object of type stdClass as array
#0 C:\xampp\htdocs\cipapat\vendor\codeigniter4\framework\system\CodeIgniter.php(914): App\Controllers\Coba->coba2()
#1 C:\xampp\htdocs\cipapat\vendor\codeigniter4\framework\system\CodeIgniter.php(400): CodeIgniter\CodeIgniter->runController(Object(App\Controllers\Coba))
#2 C:\xampp\htdocs\cipapat\vendor\codeigniter4\framework\system\CodeIgniter.php(308): CodeIgniter\CodeIgniter->handleRequest(NULL, Object(Config\Cache), false)
#3 C:\xampp\htdocs\cipapat\public\index.php(45): CodeIgniter\CodeIgniter->run()
#4 C:\xampp\htdocs\cipapat\vendor\codeigniter4\framework\system\Commands\Server\rewrite.php(34): require_once('C:\\xampp\\htdocs...')
#5 {main}
CRITICAL - 2021-03-15 02:04:14 --> Illegal offset type
#0 C:\xampp\htdocs\cipapat\app\Controllers\Coba.php(154): CodeIgniter\Debug\Exceptions->errorHandler(2, 'Illegal offset ...', 'C:\\xampp\\htdocs...', 154, Array)
#1 C:\xampp\htdocs\cipapat\vendor\codeigniter4\framework\system\CodeIgniter.php(914): App\Controllers\Coba->coba2()
#2 C:\xampp\htdocs\cipapat\vendor\codeigniter4\framework\system\CodeIgniter.php(400): CodeIgniter\CodeIgniter->runController(Object(App\Controllers\Coba))
#3 C:\xampp\htdocs\cipapat\vendor\codeigniter4\framework\system\CodeIgniter.php(308): CodeIgniter\CodeIgniter->handleRequest(NULL, Object(Config\Cache), false)
#4 C:\xampp\htdocs\cipapat\public\index.php(45): CodeIgniter\CodeIgniter->run()
#5 C:\xampp\htdocs\cipapat\vendor\codeigniter4\framework\system\Commands\Server\rewrite.php(34): require_once('C:\\xampp\\htdocs...')
#6 {main}
CRITICAL - 2021-03-15 02:04:48 --> Illegal offset type
#0 C:\xampp\htdocs\cipapat\app\Controllers\Coba.php(154): CodeIgniter\Debug\Exceptions->errorHandler(2, 'Illegal offset ...', 'C:\\xampp\\htdocs...', 154, Array)
#1 C:\xampp\htdocs\cipapat\vendor\codeigniter4\framework\system\CodeIgniter.php(914): App\Controllers\Coba->coba2()
#2 C:\xampp\htdocs\cipapat\vendor\codeigniter4\framework\system\CodeIgniter.php(400): CodeIgniter\CodeIgniter->runController(Object(App\Controllers\Coba))
#3 C:\xampp\htdocs\cipapat\vendor\codeigniter4\framework\system\CodeIgniter.php(308): CodeIgniter\CodeIgniter->handleRequest(NULL, Object(Config\Cache), false)
#4 C:\xampp\htdocs\cipapat\public\index.php(45): CodeIgniter\CodeIgniter->run()
#5 C:\xampp\htdocs\cipapat\vendor\codeigniter4\framework\system\Commands\Server\rewrite.php(34): require_once('C:\\xampp\\htdocs...')
#6 {main}
CRITICAL - 2021-03-15 02:05:08 --> Illegal offset type
#0 C:\xampp\htdocs\cipapat\app\Controllers\Coba.php(154): CodeIgniter\Debug\Exceptions->errorHandler(2, 'Illegal offset ...', 'C:\\xampp\\htdocs...', 154, Array)
#1 C:\xampp\htdocs\cipapat\vendor\codeigniter4\framework\system\CodeIgniter.php(914): App\Controllers\Coba->coba2()
#2 C:\xampp\htdocs\cipapat\vendor\codeigniter4\framework\system\CodeIgniter.php(400): CodeIgniter\CodeIgniter->runController(Object(App\Controllers\Coba))
#3 C:\xampp\htdocs\cipapat\vendor\codeigniter4\framework\system\CodeIgniter.php(308): CodeIgniter\CodeIgniter->handleRequest(NULL, Object(Config\Cache), false)
#4 C:\xampp\htdocs\cipapat\public\index.php(45): CodeIgniter\CodeIgniter->run()
#5 C:\xampp\htdocs\cipapat\vendor\codeigniter4\framework\system\Commands\Server\rewrite.php(34): require_once('C:\\xampp\\htdocs...')
#6 {main}
CRITICAL - 2021-03-15 02:06:48 --> Illegal offset type
#0 C:\xampp\htdocs\cipapat\app\Controllers\Coba.php(156): CodeIgniter\Debug\Exceptions->errorHandler(2, 'Illegal offset ...', 'C:\\xampp\\htdocs...', 156, Array)
#1 C:\xampp\htdocs\cipapat\vendor\codeigniter4\framework\system\CodeIgniter.php(914): App\Controllers\Coba->coba2()
#2 C:\xampp\htdocs\cipapat\vendor\codeigniter4\framework\system\CodeIgniter.php(400): CodeIgniter\CodeIgniter->runController(Object(App\Controllers\Coba))
#3 C:\xampp\htdocs\cipapat\vendor\codeigniter4\framework\system\CodeIgniter.php(308): CodeIgniter\CodeIgniter->handleRequest(NULL, Object(Config\Cache), false)
#4 C:\xampp\htdocs\cipapat\public\index.php(45): CodeIgniter\CodeIgniter->run()
#5 C:\xampp\htdocs\cipapat\vendor\codeigniter4\framework\system\Commands\Server\rewrite.php(34): require_once('C:\\xampp\\htdocs...')
#6 {main}
